<?xml version="1.0" encoding="UTF-8"?>
<!-- Generated by org.testng.reporters.JUnitReportReporter -->
<testsuite hostname="FSSCHND13937" name="mBankingTestVIJ.TxnStatusTest" tests="1" failures="0" timestamp="7 Jun 2018 03:59:34 GMT" time="26.781" errors="0">
  <testcase name="txnStatus" time="26.781" classname="mBankingTestVIJ.TxnStatusTest"/>
</testsuite> <!-- mBankingTestVIJ.TxnStatusTest -->
