<?xml version="1.0" encoding="UTF-8"?>
<!-- Generated by org.testng.reporters.JUnitReportReporter -->
<testsuite hostname="FSSCHND13937" name="mBankingTestPages.ChangePinTest" tests="2" failures="0" timestamp="10 May 2018 11:42:25 GMT" time="68.780" errors="0">
  <testcase name="AppExit" time="57.124" classname="mBankingTestPages.ChangePinTest"/>
  <testcase name="login" time="11.656" classname="mBankingTestPages.ChangePinTest"/>
</testsuite> <!-- mBankingTestPages.ChangePinTest -->
