<?xml version="1.0" encoding="UTF-8"?>
<!-- Generated by org.testng.reporters.JUnitReportReporter -->
<testsuite hostname="FSSCHND13937" name="mBankingTestPages.CollectMoney" tests="1" failures="0" timestamp="10 May 2018 09:18:02 GMT" time="59.795" errors="0">
  <testcase name="PayMoneyVir" time="59.795" classname="mBankingTestPages.CollectMoney"/>
</testsuite> <!-- mBankingTestPages.CollectMoney -->
