<?xml version="1.0" encoding="UTF-8"?>
<!-- Generated by org.testng.reporters.JUnitReportReporter -->
<testsuite hostname="FSSCHND13937" name="mBankingTestPages.LoginPageTest" tests="2" failures="0" timestamp="11 May 2018 06:13:00 GMT" time="33.735" errors="0">
  <testcase name="AppExit" time="12.034" classname="mBankingTestPages.LoginPageTest"/>
  <testcase name="AppLogin" time="21.701" classname="mBankingTestPages.LoginPageTest"/>
</testsuite> <!-- mBankingTestPages.LoginPageTest -->
