<?xml version="1.0" encoding="UTF-8"?>
<!-- Generated by org.testng.reporters.JUnitReportReporter -->
<testsuite hostname="FSSCHND13937" name="mBankingTestPages.SilentSMSTest" tests="1" failures="0" timestamp="15 May 2018 10:46:01 GMT" time="45.866" errors="0">
  <testcase name="silentSMS" time="45.866" classname="mBankingTestPages.SilentSMSTest"/>
</testsuite> <!-- mBankingTestPages.SilentSMSTest -->
