<?xml version="1.0" encoding="UTF-8"?>
<!-- Generated by org.testng.reporters.JUnitReportReporter -->
<testsuite hostname="FSSCHND13937" name="mBankingTestPages.ManageAcTest" tests="4" failures="0" timestamp="23 May 2018 07:07:25 GMT" time="64.620" errors="0">
  <testcase name="editVirAddress" time="27.210" classname="mBankingTestPages.ManageAcTest"/>
  <testcase name="deleteVirAddress" time="4.915" classname="mBankingTestPages.ManageAcTest"/>
  <testcase name="deleteVirAddProfile" time="5.170" classname="mBankingTestPages.ManageAcTest"/>
  <testcase name="generateQRforVirAdd" time="27.325" classname="mBankingTestPages.ManageAcTest"/>
</testsuite> <!-- mBankingTestPages.ManageAcTest -->
