<?xml version="1.0" encoding="UTF-8"?>
<!-- Generated by org.testng.reporters.JUnitReportReporter -->
<testsuite hostname="brantansp-PC" name="mBankingTestPages.TestGore" tests="1" failures="0" timestamp="27 May 2018 12:19:47 GMT" time="12.866" errors="0">
  <testcase name="silentSMS" time="12.866" classname="mBankingTestPages.TestGore"/>
</testsuite> <!-- mBankingTestPages.TestGore -->
