<?xml version="1.0" encoding="UTF-8"?>
<!-- Generated by org.testng.reporters.JUnitReportReporter -->
<testsuite hostname="FSSCHND13937" name="mBankingTestPages.AddBankTest" tests="1" failures="0" timestamp="9 May 2018 14:06:35 GMT" time="47.515" errors="0">
  <testcase name="AddBankValid" time="47.515" classname="mBankingTestPages.AddBankTest"/>
</testsuite> <!-- mBankingTestPages.AddBankTest -->
