<?xml version="1.0" encoding="UTF-8"?>
<!-- Generated by org.testng.reporters.JUnitReportReporter -->
<testsuite hostname="FSSCHND13937" name="mBankingTestVIJ.TxnStatusTest" tests="1" failures="0" timestamp="28 May 2018 13:45:17 GMT" time="24.435" errors="0">
  <testcase name="txnStatus" time="24.435" classname="mBankingTestVIJ.TxnStatusTest"/>
</testsuite> <!-- mBankingTestVIJ.TxnStatusTest -->
