<?xml version="1.0" encoding="UTF-8"?>
<!-- Generated by org.testng.reporters.JUnitReportReporter -->
<testsuite hostname="FSSCHND13937" name="mBankingTestPages.AddBankTest" tests="3" failures="0" timestamp="10 May 2018 12:36:21 GMT" time="71.072" errors="0">
  <testcase name="AddBankValid" time="32.242" classname="mBankingTestPages.AddBankTest"/>
  <testcase name="login" time="12.106" classname="mBankingTestPages.AddBankTest"/>
  <testcase name="AppExit" time="26.724" classname="mBankingTestPages.AddBankTest"/>
</testsuite> <!-- mBankingTestPages.AddBankTest -->
