<?xml version="1.0" encoding="UTF-8"?>
<!-- Generated by org.testng.reporters.JUnitReportReporter -->
<testsuite hostname="brantansp-PC" name="mBankingTestVIJ.TxnStatusTest" tests="1" failures="0" timestamp="2 Jun 2018 05:56:39 GMT" time="29.402" errors="0">
  <testcase name="txnStatus" time="29.402" classname="mBankingTestVIJ.TxnStatusTest"/>
</testsuite> <!-- mBankingTestVIJ.TxnStatusTest -->
