<?xml version="1.0" encoding="UTF-8"?>
<!-- Generated by org.testng.reporters.JUnitReportReporter -->
<testsuite hostname="FSSCHND13937" name="mBankingTestVIJ.ManageAcTest" tests="4" failures="0" timestamp="28 May 2018 13:45:17 GMT" time="119.115" errors="0">
  <testcase name="editVirAddress" time="42.836" classname="mBankingTestVIJ.ManageAcTest"/>
  <testcase name="deleteBankAccount" time="17.667" classname="mBankingTestVIJ.ManageAcTest"/>
  <testcase name="deleteVirAddress" time="18.771" classname="mBankingTestVIJ.ManageAcTest"/>
  <testcase name="generateQRforVirAdd" time="39.841" classname="mBankingTestVIJ.ManageAcTest"/>
</testsuite> <!-- mBankingTestVIJ.ManageAcTest -->
