<?xml version="1.0" encoding="UTF-8"?>
<!-- Generated by org.testng.reporters.JUnitReportReporter -->
<testsuite hostname="FSSCHND13937" name="mBankingTestPages.ViewBalanceTest" tests="1" failures="0" timestamp="25 May 2018 04:02:35 GMT" time="10.753" errors="0">
  <testcase name="BalanceEnquiryValid" time="10.753" classname="mBankingTestPages.ViewBalanceTest"/>
</testsuite> <!-- mBankingTestPages.ViewBalanceTest -->
