<?xml version="1.0" encoding="UTF-8"?>
<!-- Generated by org.testng.reporters.JUnitReportReporter -->
<testsuite hostname="FSSCHND13937" name="mBankingTestPages.MenuDrawerOptionsText" tests="1" failures="0" timestamp="24 May 2018 07:30:50 GMT" time="21.447" errors="0">
  <testcase name="changePassword" time="21.447" classname="mBankingTestPages.MenuDrawerOptionsText"/>
</testsuite> <!-- mBankingTestPages.MenuDrawerOptionsText -->
