<?xml version="1.0" encoding="UTF-8"?>
<!-- Generated by org.testng.reporters.JUnitReportReporter -->
<testsuite hostname="FSSCHND13937" name="mBankingTestPages.AddBankTest" tests="1" failures="0" timestamp="22 May 2018 12:55:05 GMT" time="26.109" errors="0">
  <testcase name="AddBankValid" time="26.109" classname="mBankingTestPages.AddBankTest"/>
</testsuite> <!-- mBankingTestPages.AddBankTest -->
