<?xml version="1.0" encoding="UTF-8"?>
<!-- Generated by org.testng.reporters.JUnitReportReporter -->
<testsuite hostname="FSSCHND13937" name="mBankingTestPages.AddVirtualAddrTest" tests="1" failures="0" timestamp="22 May 2018 14:30:42 GMT" time="29.892" errors="0">
  <testcase name="addVirAddressValid" time="29.892" classname="mBankingTestPages.AddVirtualAddrTest"/>
</testsuite> <!-- mBankingTestPages.AddVirtualAddrTest -->
