<?xml version="1.0" encoding="UTF-8"?>
<!-- Generated by org.testng.reporters.JUnitReportReporter -->
<testsuite hostname="FSSCHND13937" name="mBankingTestPages.LoginPageTest" tests="2" failures="0" timestamp="9 May 2018 14:06:35 GMT" time="16.588" errors="0">
  <testcase name="AppExit" time="3.222" classname="mBankingTestPages.LoginPageTest"/>
  <testcase name="AppLogin" time="13.366" classname="mBankingTestPages.LoginPageTest"/>
</testsuite> <!-- mBankingTestPages.LoginPageTest -->
