<?xml version="1.0" encoding="UTF-8"?>
<!-- Generated by org.testng.reporters.JUnitReportReporter -->
<testsuite hostname="FSSCHND13937" name="mBankingTestVIJ.AddVirtualAddrTest" tests="2" failures="0" timestamp="7 Jun 2018 03:59:34 GMT" time="148.165" errors="0">
  <testcase name="addAlreadyAddedVirAddress" time="70.195" classname="mBankingTestVIJ.AddVirtualAddrTest"/>
  <testcase name="addVirAddressValid" time="77.970" classname="mBankingTestVIJ.AddVirtualAddrTest"/>
</testsuite> <!-- mBankingTestVIJ.AddVirtualAddrTest -->
