<?xml version="1.0" encoding="UTF-8"?>
<!-- Generated by org.testng.reporters.JUnitReportReporter -->
<testsuite hostname="FSSCHND13937" name="mBankingTestPages.PayMoney" tests="1" failures="0" timestamp="10 May 2018 05:14:31 GMT" time="74.135" errors="0">
  <testcase name="setUPIPIN" time="74.135" classname="mBankingTestPages.PayMoney"/>
</testsuite> <!-- mBankingTestPages.PayMoney -->
